<?xml version="1.0" encoding="UTF-8"?>
<testng-results ignored="0" total="1" passed="1" failed="0" skipped="0">
  <reporter-output>
  </reporter-output>
  <suite started-at="2023-09-28T17:03:41Z" name="Default suite" finished-at="2023-09-28T17:04:00Z" duration-ms="18555">
    <groups>
    </groups>
    <test started-at="2023-09-28T17:03:41Z" name="Default test" finished-at="2023-09-28T17:04:00Z" duration-ms="18555">
      <class name="Test.gmailEnterCodeTest">
        <test-method is-config="true" signature="setup()[pri:0, instance:Test.gmailEnterCodeTest@1530c739]" started-at="2023-09-28T13:03:39Z" name="setup" finished-at="2023-09-28T13:03:41Z" duration-ms="2525" status="PASS">
          <reporter-output>
          </reporter-output>
        </test-method> <!-- setup -->
        <test-method signature="gmailcreateaccounttest(java.lang.String, java.lang.String, java.lang.String, java.lang.String, java.lang.String, java.lang.String, java.lang.String, java.lang.String, java.lang.String, java.lang.String, java.lang.String)[pri:0, instance:Test.gmailEnterCodeTest@1530c739]" started-at="2023-09-28T13:03:42Z" name="gmailcreateaccounttest" data-provider="gmail" finished-at="2023-09-28T13:04:00Z" duration-ms="17780" status="PASS">
          <params>
            <param index="0">
              <value>
                <![CDATA[Afroza]]>
              </value>
            </param>
            <param index="1">
              <value>
                <![CDATA[Akhi]]>
              </value>
            </param>
            <param index="2">
              <value>
                <![CDATA[January]]>
              </value>
            </param>
            <param index="3">
              <value>
                <![CDATA[12]]>
              </value>
            </param>
            <param index="4">
              <value>
                <![CDATA[1997]]>
              </value>
            </param>
            <param index="5">
              <value>
                <![CDATA[Female]]>
              </value>
            </param>
            <param index="6">
              <value>
                <![CDATA[akhixyz74]]>
              </value>
            </param>
            <param index="7">
              <value>
                <![CDATA[Abc#$%^#12]]>
              </value>
            </param>
            <param index="8">
              <value>
                <![CDATA[Abc#$%^#12]]>
              </value>
            </param>
            <param index="9">
              <value>
                <![CDATA[3477284131]]>
              </value>
            </param>
            <param index="10">
              <value>
                <![CDATA[Enter the code]]>
              </value>
            </param>
          </params>
          <reporter-output>
          </reporter-output>
        </test-method> <!-- gmailcreateaccounttest -->
      </class> <!-- Test.gmailEnterCodeTest -->
    </test> <!-- Default test -->
  </suite> <!-- Default suite -->
</testng-results>
